\BOOKMARK [0][-]{chapter*.5}{\332vod}{}% 1
\BOOKMARK [1][-]{section*.6}{C\355l pr\341ce}{chapter*.5}% 2
\BOOKMARK [0][-]{chapter.1}{Pou\236it\351 metody}{}% 3
\BOOKMARK [1][-]{section.1.1}{Dob\375v\341n\355 znalost\355 z datab\341z\355 \(KDD\)}{chapter.1}% 4
\BOOKMARK [1][-]{section.1.2}{Metody dataminingu}{chapter.1}% 5
\BOOKMARK [1][-]{section.1.3}{SOM}{chapter.1}% 6
\BOOKMARK [1][-]{section.1.4}{CRSOM}{chapter.1}% 7
\BOOKMARK [0][-]{chapter.2}{N\341vrh a implementace}{}% 8
\BOOKMARK [1][-]{section.2.1}{SOM}{chapter.2}% 9
\BOOKMARK [1][-]{section.2.2}{CRSOM}{chapter.2}% 10
\BOOKMARK [1][-]{section.2.3}{Implementace experimentu}{chapter.2}% 11
\BOOKMARK [0][-]{chapter.3}{Pou\236it\341 data a predzpracov\341n\355}{}% 12
\BOOKMARK [1][-]{section.3.1}{\332vod do hudebn\355 problematiky}{chapter.3}% 13
\BOOKMARK [1][-]{section.3.2}{MillionSongDataset a The Echo Nest}{chapter.3}% 14
\BOOKMARK [1][-]{section.3.3}{Dostupn\351 atributy}{chapter.3}% 15
\BOOKMARK [1][-]{section.3.4}{V\375ber dat a predzpracov\341n\355}{chapter.3}% 16
\BOOKMARK [0][-]{chapter.4}{Experimenty}{}% 17
\BOOKMARK [1][-]{section.4.1}{Protokol}{chapter.4}% 18
\BOOKMARK [1][-]{section.4.2}{Ucen\355 CRSOM}{chapter.4}% 19
\BOOKMARK [1][-]{section.4.3}{Testov\341n\355 reprezentace}{chapter.4}% 20
\BOOKMARK [1][-]{section.4.4}{Hled\341n\355 struktur}{chapter.4}% 21
\BOOKMARK [0][-]{chapter.5}{Vyu\236it\355}{}% 22
\BOOKMARK [0][-]{chapter*.85}{Z\341ver}{}% 23
\BOOKMARK [1][-]{section*.86}{Pr\355nosy}{chapter*.85}% 24
\BOOKMARK [1][-]{section*.87}{Mo\236n\341 roz\235\355ren\355}{chapter*.85}% 25
\BOOKMARK [0][-]{section*.89}{Literatura}{}% 26
\BOOKMARK [0][-]{appendix.A}{Seznam pou\236it\375ch zkratek}{}% 27
\BOOKMARK [0][-]{appendix.B}{Pou\236it\351 datasety}{}% 28
\BOOKMARK [1][-]{section.B.1}{Katy Perry a Ramones \(KatyRamDataset\)}{appendix.B}% 29
\BOOKMARK [0][-]{appendix.C}{Obsah prilo\236en\351ho CD}{}% 30
